<?xml version="1.0" encoding="UTF-8"?>
<testsuite xmlns:xsi="http://www.w3.org/2001/XMLSchema-instance" xsi:noNamespaceSchemaLocation="https://maven.apache.org/surefire/maven-surefire-plugin/xsd/surefire-test-report.xsd" name="com.junit.practice.MathUtilTest" time="0.033" tests="4" errors="0" skipped="0" failures="1">
  <properties>
[...]
</properties>
  <testcase name="additionPositiveCheck" classname="com.junit.practice.MathUtilTest" time="0.016"/>
  <testcase name="testDivision" classname="com.junit.practice.MathUtilTest" time="0.011">
    <failure message="This may throw arithemetic exception ==&gt; Expected java.lang.ArithmeticException to be thrown, but nothing was thrown." type="org.opentest4j.AssertionFailedError">org.opentest4j.AssertionFailedError: This may throw arithemetic exception ==> Expected java.lang.ArithmeticException to be thrown, but nothing was thrown.
	at com.junit.practice.MathUtilTest.testDivision(MathUtilTest.java:32)
</failure>
  </testcase>
  <testcase name="additionNegativeCheck" classname="com.junit.practice.MathUtilTest" time="0"/>
  <testcase name="testComputeCircleRadius" classname="com.junit.practice.MathUtilTest" time="0.001"/>
</testsuite>